[ 50%] [32mBuilding CXX object CMakeFiles/turtle_controller.dir/src/turtle_controller.cpp.o[0m
[01m[K/home/mk/lab_ws/src/turtle_controller/src/turtle_controller.cpp:44:56:[m[K [01;35m[Kwarning: [m[Kuse of â€˜[01m[Kauto[m[Kâ€™ in parameter declaration only available with â€˜[01m[K-std=c++20[m[Kâ€™ or â€˜[01m[K-fconcepts[m[Kâ€™
   44 |     void call_service(const std::string& service_name, [01;35m[Kauto[m[K&&... args) {
      |                                                        [01;35m[K^~~~[m[K
[01m[K/home/mk/lab_ws/src/turtle_controller/src/turtle_controller.cpp:[m[K In member function â€˜[01m[Kvoid TurtleController::call_service(const string&, auto:40&& ...)[m[Kâ€™:
[01m[K/home/mk/lab_ws/src/turtle_controller/src/turtle_controller.cpp:50:39:[m[K [01;31m[Kerror: [m[Kunable to find numeric literal operator â€˜[01m[Koperator""s[m[Kâ€™
   50 |         if (!client->wait_for_service([01;31m[K2s[m[K)) {
      |                                       [01;31m[K^~[m[K
[01m[K/home/mk/lab_ws/src/turtle_controller/src/turtle_controller.cpp:[m[K In member function â€˜[01m[Kvoid TurtleController::execute_trajectories()[m[Kâ€™:
[01m[K/home/mk/lab_ws/src/turtle_controller/src/turtle_controller.cpp:60:68:[m[K [01;31m[Kerror: [m[Kclass template argument deduction failed:
   60 |                                              {1.0, 4.0}, {1.0, 1.0}[01;31m[K}[m[K;
      |                                                                    [01;31m[K^[m[K
[01m[K/home/mk/lab_ws/src/turtle_controller/src/turtle_controller.cpp:60:68:[m[K [01;31m[Kerror: [m[Kno matching function for call to â€˜[01m[Karray(std::pair<double, double>, <brace-enclosed initializer list>, <brace-enclosed initializer list>, <brace-enclosed initializer list>)[m[Kâ€™
In file included from [01m[K/usr/include/c++/11/tuple:39[m[K,
                 from [01m[K/usr/include/c++/11/bits/unique_ptr.h:37[m[K,
                 from [01m[K/usr/include/c++/11/memory:76[m[K,
                 from [01m[K/opt/ros/humble/include/rclcpp/rclcpp/rclcpp.hpp:153[m[K,
                 from [01m[K/home/mk/lab_ws/src/turtle_controller/src/turtle_controller.cpp:1[m[K:
[01m[K/usr/include/c++/11/array:95:12:[m[K [01;36m[Knote: [m[Kcandidate: â€˜[01m[Ktemplate<class _Tp, long unsigned int _Nm> array()-> std::array<_Tp, _Nm>[m[Kâ€™
   95 |     struct [01;36m[Karray[m[K
      |            [01;36m[K^~~~~[m[K
[01m[K/usr/include/c++/11/array:95:12:[m[K [01;36m[Knote: [m[K  template argument deduction/substitution failed:
[01m[K/home/mk/lab_ws/src/turtle_controller/src/turtle_controller.cpp:60:68:[m[K [01;36m[Knote: [m[K  candidate expects 0 arguments, 4 provided
   60 |                                              {1.0, 4.0}, {1.0, 1.0}[01;36m[K}[m[K;
      |                                                                    [01;36m[K^[m[K
In file included from [01m[K/usr/include/c++/11/tuple:39[m[K,
                 from [01m[K/usr/include/c++/11/bits/unique_ptr.h:37[m[K,
                 from [01m[K/usr/include/c++/11/memory:76[m[K,
                 from [01m[K/opt/ros/humble/include/rclcpp/rclcpp/rclcpp.hpp:153[m[K,
                 from [01m[K/home/mk/lab_ws/src/turtle_controller/src/turtle_controller.cpp:1[m[K:
[01m[K/usr/include/c++/11/array:95:12:[m[K [01;36m[Knote: [m[Kcandidate: â€˜[01m[Ktemplate<class _Tp, long unsigned int _Nm> array(std::array<_Tp, _Nm>)-> std::array<_Tp, _Nm>[m[Kâ€™
   95 |     struct [01;36m[Karray[m[K
      |            [01;36m[K^~~~~[m[K
[01m[K/usr/include/c++/11/array:95:12:[m[K [01;36m[Knote: [m[K  template argument deduction/substitution failed:
[01m[K/home/mk/lab_ws/src/turtle_controller/src/turtle_controller.cpp:60:68:[m[K [01;36m[Knote: [m[K  â€˜[01m[Kstd::pair<double, double>[m[Kâ€™ is not derived from â€˜[01m[Kstd::array<_Tp, _Nm>[m[Kâ€™
   60 |                                              {1.0, 4.0}, {1.0, 1.0}[01;36m[K}[m[K;
      |                                                                    [01;36m[K^[m[K
In file included from [01m[K/usr/include/c++/11/tuple:39[m[K,
                 from [01m[K/usr/include/c++/11/bits/unique_ptr.h:37[m[K,
                 from [01m[K/usr/include/c++/11/memory:76[m[K,
                 from [01m[K/opt/ros/humble/include/rclcpp/rclcpp/rclcpp.hpp:153[m[K,
                 from [01m[K/home/mk/lab_ws/src/turtle_controller/src/turtle_controller.cpp:1[m[K:
[01m[K/usr/include/c++/11/array:267:5:[m[K [01;36m[Knote: [m[Kcandidate: â€˜[01m[Kstd::array(_Tp, _Up ...)-> std::array<typename std::enable_if<(is_same_v<_Tp, _Up> && ...), _Tp>::type, (1 + sizeof... (_Up))> [with _Tp = std::pair<double, double>; _Up = {}; typename std::enable_if<(is_same_v<_Tp, _Up> && ...), _Tp>::type = std::pair<double, double>][m[Kâ€™
  267 |     [01;36m[Karray[m[K(_Tp, _Up...)
      |     [01;36m[K^~~~~[m[K
[01m[K/usr/include/c++/11/array:267:5:[m[K [01;36m[Knote: [m[K  candidate expects 1 argument, 4 provided
[01m[K/home/mk/lab_ws/src/turtle_controller/src/turtle_controller.cpp:66:92:[m[K [01;31m[Kerror: [m[Kclass template argument deduction failed:
   66 |         constexpr std::array triangle_points = {std::pair(4.0, 1.0), {3.0, 4.0}, {1.0, 1.0}[01;31m[K}[m[K;
      |                                                                                            [01;31m[K^[m[K
[01m[K/home/mk/lab_ws/src/turtle_controller/src/turtle_controller.cpp:66:92:[m[K [01;31m[Kerror: [m[Kno matching function for call to â€˜[01m[Karray(std::pair<double, double>, <brace-enclosed initializer list>, <brace-enclosed initializer list>)[m[Kâ€™
In file included from [01m[K/usr/include/c++/11/tuple:39[m[K,
                 from [01m[K/usr/include/c++/11/bits/unique_ptr.h:37[m[K,
                 from [01m[K/usr/include/c++/11/memory:76[m[K,
                 from [01m[K/opt/ros/humble/include/rclcpp/rclcpp/rclcpp.hpp:153[m[K,
                 from [01m[K/home/mk/lab_ws/src/turtle_controller/src/turtle_controller.cpp:1[m[K:
[01m[K/usr/include/c++/11/array:95:12:[m[K [01;36m[Knote: [m[Kcandidate: â€˜[01m[Ktemplate<class _Tp, long unsigned int _Nm> array()-> std::array<_Tp, _Nm>[m[Kâ€™
   95 |     struct [01;36m[Karray[m[K
      |            [01;36m[K^~~~~[m[K
[01m[K/usr/include/c++/11/array:95:12:[m[K [01;36m[Knote: [m[K  template argument deduction/substitution failed:
[01m[K/home/mk/lab_ws/src/turtle_controller/src/turtle_controller.cpp:66:92:[m[K [01;36m[Knote: [m[K  candidate expects 0 arguments, 3 provided
   66 |         constexpr std::array triangle_points = {std::pair(4.0, 1.0), {3.0, 4.0}, {1.0, 1.0}[01;36m[K}[m[K;
      |                                                                                            [01;36m[K^[m[K
In file included from [01m[K/usr/include/c++/11/tuple:39[m[K,
                 from [01m[K/usr/include/c++/11/bits/unique_ptr.h:37[m[K,
                 from [01m[K/usr/include/c++/11/memory:76[m[K,
                 from [01m[K/opt/ros/humble/include/rclcpp/rclcpp/rclcpp.hpp:153[m[K,
                 from [01m[K/home/mk/lab_ws/src/turtle_controller/src/turtle_controller.cpp:1[m[K:
[01m[K/usr/include/c++/11/array:95:12:[m[K [01;36m[Knote: [m[Kcandidate: â€˜[01m[Ktemplate<class _Tp, long unsigned int _Nm> array(std::array<_Tp, _Nm>)-> std::array<_Tp, _Nm>[m[Kâ€™
   95 |     struct [01;36m[Karray[m[K
      |            [01;36m[K^~~~~[m[K
[01m[K/usr/include/c++/11/array:95:12:[m[K [01;36m[Knote: [m[K  template argument deduction/substitution failed:
[01m[K/home/mk/lab_ws/src/turtle_controller/src/turtle_controller.cpp:66:92:[m[K [01;36m[Knote: [m[K  â€˜[01m[Kstd::pair<double, double>[m[Kâ€™ is not derived from â€˜[01m[Kstd::array<_Tp, _Nm>[m[Kâ€™
   66 |         constexpr std::array triangle_points = {std::pair(4.0, 1.0), {3.0, 4.0}, {1.0, 1.0}[01;36m[K}[m[K;
      |                                                                                            [01;36m[K^[m[K
In file included from [01m[K/usr/include/c++/11/tuple:39[m[K,
                 from [01m[K/usr/include/c++/11/bits/unique_ptr.h:37[m[K,
                 from [01m[K/usr/include/c++/11/memory:76[m[K,
                 from [01m[K/opt/ros/humble/include/rclcpp/rclcpp/rclcpp.hpp:153[m[K,
                 from [01m[K/home/mk/lab_ws/src/turtle_controller/src/turtle_controller.cpp:1[m[K:
[01m[K/usr/include/c++/11/array:267:5:[m[K [01;36m[Knote: [m[Kcandidate: â€˜[01m[Kstd::array(_Tp, _Up ...)-> std::array<typename std::enable_if<(is_same_v<_Tp, _Up> && ...), _Tp>::type, (1 + sizeof... (_Up))> [with _Tp = std::pair<double, double>; _Up = {}; typename std::enable_if<(is_same_v<_Tp, _Up> && ...), _Tp>::type = std::pair<double, double>][m[Kâ€™
  267 |     [01;36m[Karray[m[K(_Tp, _Up...)
      |     [01;36m[K^~~~~[m[K
[01m[K/usr/include/c++/11/array:267:5:[m[K [01;36m[Knote: [m[K  candidate expects 1 argument, 3 provided
/home/mk/lab_ws/src/turtle_controller/src/turtle_controller.cpp: In instantiation of â€˜[01m[Kvoid TurtleController::call_service(const string&, auto:40&& ...) [with T = turtlesim::srv::Kill; auto:40 = {const char (&)[8]}; std::string = std::__cxx11::basic_string<char>][m[Kâ€™:
[01m[K/home/mk/lab_ws/src/turtle_controller/src/turtle_controller.cpp:36:43:[m[K   required from here
[01m[K/home/mk/lab_ws/src/turtle_controller/src/turtle_controller.cpp:48:20:[m[K [01;31m[Kerror: [m[Kâ€˜[01m[Kusing element_type = struct turtlesim::srv::Kill_Request_<std::allocator<void> >[m[Kâ€™ {aka â€˜[01m[Kstruct turtlesim::srv::Kill_Request_<std::allocator<void> >[m[Kâ€™} has no member named â€˜[01m[Kx[m[Kâ€™
   48 |         (([01;31m[Krequest->x[m[K = args), ...);     // For Spawn/Teleport services
      |           [01;31m[K~~~~~~~~~^[m[K
/home/mk/lab_ws/src/turtle_controller/src/turtle_controller.cpp: In instantiation of â€˜[01m[Kvoid TurtleController::call_service(const string&, auto:40&& ...) [with T = turtlesim::srv::Spawn; auto:40 = {double, double, double, const char (&)[16]}; std::string = std::__cxx11::basic_string<char>][m[Kâ€™:
[01m[K/home/mk/lab_ws/src/turtle_controller/src/turtle_controller.cpp:37:44:[m[K   required from here
[01m[K/home/mk/lab_ws/src/turtle_controller/src/turtle_controller.cpp:48:22:[m[K [01;31m[Kerror: [m[Kcannot convert â€˜[01m[Kconst char [16][m[Kâ€™ to â€˜[01m[Kturtlesim::srv::Spawn_Request_<std::allocator<void> >::_x_type[m[Kâ€™ {aka â€˜[01m[Kfloat[m[Kâ€™} in assignment
   48 |         ([01;31m[K(request->x = args)[m[K, ...);     // For Spawn/Teleport services
      |          [01;31m[K~~~~~~~~~~~~^~~~~~~[m[K
/home/mk/lab_ws/src/turtle_controller/src/turtle_controller.cpp: In instantiation of â€˜[01m[Kvoid TurtleController::call_service(const string&, auto:40&& ...) [with T = turtlesim::srv::TeleportAbsolute; auto:40 = {double, double, double}; std::string = std::__cxx11::basic_string<char>][m[Kâ€™:
[01m[K/home/mk/lab_ws/src/turtle_controller/src/turtle_controller.cpp:38:55:[m[K   required from here
[01m[K/home/mk/lab_ws/src/turtle_controller/src/turtle_controller.cpp:47:20:[m[K [01;31m[Kerror: [m[Kâ€˜[01m[Kusing element_type = struct turtlesim::srv::TeleportAbsolute_Request_<std::allocator<void> >[m[Kâ€™ {aka â€˜[01m[Kstruct turtlesim::srv::TeleportAbsolute_Request_<std::allocator<void> >[m[Kâ€™} has no member named â€˜[01m[Kname[m[Kâ€™
   47 |         (([01;31m[Krequest->name[m[K = args), ...);  // For Kill service
      |           [01;31m[K~~~~~~~~~^~~~[m[K
gmake[2]: *** [CMakeFiles/turtle_controller.dir/build.make:76: CMakeFiles/turtle_controller.dir/src/turtle_controller.cpp.o] Error 1
gmake[1]: *** [CMakeFiles/Makefile2:137: CMakeFiles/turtle_controller.dir/all] Error 2
gmake: *** [Makefile:146: all] Error 2
